Loading: 
Loading: 0 packages loaded
ERROR: Skipping '2': couldn't determine target from filename '2'
WARNING: Target pattern parsing failed.
ERROR: couldn't determine target from filename '2'
INFO: Elapsed time: 0.193s
INFO: 0 processes.
FAILED: Build did NOT complete successfully (0 packages loaded)
FAILED: Build did NOT complete successfully (0 packages loaded)
